Description: <short summary of the patch>
 TODO: Put a short summary on the line above and replace this paragraph
 with a longer explanation of this change. Complete the meta-information
 with other relevant fields (see below for details). To make it easier, the
 information below has been extracted from the changelog. Adjust it or drop
 it.
 .
 securityonion-rule-update (20151201-1ubuntu1securityonion7) trusty; urgency=medium
 .
   *  Issue 985: rule-update should always log to /var/log/nsm/pulledpork.log
Author: Doug Burks <doug.burks@gmail.com>

---
The information above should follow the Patch Tagging Guidelines, please
checkout http://dep.debian.net/deps/dep3/ to learn about the format. Here
are templates for supplementary fields that you might want to add:

Origin: <vendor|upstream|other>, <url of original patch>
Bug: <url in upstream bugtracker>
Bug-Debian: http://bugs.debian.org/<bugnumber>
Bug-Ubuntu: https://launchpad.net/bugs/<bugnumber>
Forwarded: <no|not-needed|url proving that it has been forwarded>
Reviewed-By: <name and email of someone who approved the patch>
Last-Update: <YYYY-MM-DD>

--- securityonion-rule-update-20151201.orig/etc/cron.d/rule-update
+++ securityonion-rule-update-20151201/etc/cron.d/rule-update
@@ -5,4 +5,4 @@
 SHELL=/bin/sh
 PATH=/usr/local/sbin:/usr/local/bin:/sbin:/bin:/usr/sbin:/usr/bin
 
-01 7    * * *   root    date >> /var/log/nsm/pulledpork.log ; /usr/bin/rule-update cron >> /var/log/nsm/pulledpork.log 2>&1
+01 7    * * *   root    /usr/bin/rule-update
--- securityonion-rule-update-20151201.orig/usr/bin/rule-update
+++ securityonion-rule-update-20151201/usr/bin/rule-update
@@ -23,6 +23,11 @@ if [[ $(/usr/bin/id -u) -ne 0 ]]; then
     exit
 fi
 
+# Log file path
+LOG="/var/log/nsm/pulledpork.log"
+
+function update(){
+
 #########################################
 # Variables
 #########################################
@@ -51,6 +56,9 @@ PULLEDPORK_GROUP=sguil
 # The values above can be overridden in securityonion.conf
 source /etc/nsm/securityonion.conf
 
+# Current date
+date
+
 #########################################
 # OSSEC HIDS Variables and Backups
 #########################################
@@ -123,7 +131,7 @@ if [ ! -f $SSH_CONF ]; then
 	# This box is a master server.
 
 	# If running from cron, pause for a random number of minutes (between 10 and 50).
-	if [ $# -eq 1 ] && [ $1 == "cron" ]; then
+	if [ "dumb" == "$TERM" ]; then
 		RMIN=$(($(dd if=/dev/urandom count=1 2> /dev/null | cksum | cut -d' ' -f1) % 40));
 		let RMIN=RMIN+10
 		echo "Sleeping for $RMIN minutes to avoid overwhelming rule sites."
@@ -183,7 +191,7 @@ else
 	source $SSH_CONF		
 
 	# If running from cron, pause for 60 minutes.
-	if [ $# -eq 1 ] && [ $1 == "cron" ]; then
+	if [ "dumb" == "$TERM" ]; then
 		echo "Sleeping for 60 minutes to allow master time to download new rules."
 		sleep 60m 
 	fi
@@ -303,3 +311,5 @@ if grep -i 'IDS_ENGINE_ENABLED="yes"' /e
 		/usr/sbin/nsm_sensor_ps-restart --only-snort-alert
 	fi
 fi
+}
+update 2>&1 | tee -a $LOG
